This is pdfTeX, Version 3.14159265-2.6-1.40.19 (MiKTeX 2.9.6630 64-bit) (preloaded format=pdflatex 2018.5.31)  19 JUN 2018 15:45
entering extended mode
**"./Grob Latex.tex"
("Grob Latex.tex"
LaTeX2e <2017-04-15>
Babel <3.18> and hyphenation patterns for 75 language(s) loaded.
("C:\Users\Heiner\AppData\Local\Programs\MiKTeX 2.9\tex\latex\base\report.cls"
Document Class: report 2014/09/29 v1.4h Standard LaTeX document class
("C:\Users\Heiner\AppData\Local\Programs\MiKTeX 2.9\tex\latex\base\size11.clo"
File: size11.clo 2014/09/29 v1.4h Standard LaTeX file (size option)
)
\c@part=\count79
\c@chapter=\count80
\c@section=\count81
\c@subsection=\count82
\c@subsubsection=\count83
\c@paragraph=\count84
\c@subparagraph=\count85
\c@figure=\count86
\c@table=\count87
\abovecaptionskip=\skip41
\belowcaptionskip=\skip42
\bibindent=\dimen102
)
("C:\Users\Heiner\AppData\Local\Programs\MiKTeX 2.9\tex\latex\base\inputenc.sty
"
Package: inputenc 2015/03/17 v1.2c Input encoding file
\inpenc@prehook=\toks14
\inpenc@posthook=\toks15
 ("C:\Users\Heiner\AppData\Local\Programs\MiKTeX 2.9\tex\latex\base\utf8.def"
File: utf8.def 2017/01/28 v1.1t UTF-8 support for inputenc
Now handling font encoding OML ...
... no UTF-8 mapping file for font encoding OML
Now handling font encoding T1 ...
... processing UTF-8 mapping file for font encoding T1

("C:\Users\Heiner\AppData\Local\Programs\MiKTeX 2.9\tex\latex\base\t1enc.dfu"
File: t1enc.dfu 2017/01/28 v1.1t UTF-8 support for inputenc
   defining Unicode char U+00A0 (decimal 160)
   defining Unicode char U+00A1 (decimal 161)
   defining Unicode char U+00A3 (decimal 163)
   defining Unicode char U+00AB (decimal 171)
   defining Unicode char U+00AD (decimal 173)
   defining Unicode char U+00BB (decimal 187)
   defining Unicode char U+00BF (decimal 191)
   defining Unicode char U+00C0 (decimal 192)
   defining Unicode char U+00C1 (decimal 193)
   defining Unicode char U+00C2 (decimal 194)
   defining Unicode char U+00C3 (decimal 195)
   defining Unicode char U+00C4 (decimal 196)
   defining Unicode char U+00C5 (decimal 197)
   defining Unicode char U+00C6 (decimal 198)
   defining Unicode char U+00C7 (decimal 199)
   defining Unicode char U+00C8 (decimal 200)
   defining Unicode char U+00C9 (decimal 201)
   defining Unicode char U+00CA (decimal 202)
   defining Unicode char U+00CB (decimal 203)
   defining Unicode char U+00CC (decimal 204)
   defining Unicode char U+00CD (decimal 205)
   defining Unicode char U+00CE (decimal 206)
   defining Unicode char U+00CF (decimal 207)
   defining Unicode char U+00D0 (decimal 208)
   defining Unicode char U+00D1 (decimal 209)
   defining Unicode char U+00D2 (decimal 210)
   defining Unicode char U+00D3 (decimal 211)
   defining Unicode char U+00D4 (decimal 212)
   defining Unicode char U+00D5 (decimal 213)
   defining Unicode char U+00D6 (decimal 214)
   defining Unicode char U+00D8 (decimal 216)
   defining Unicode char U+00D9 (decimal 217)
   defining Unicode char U+00DA (decimal 218)
   defining Unicode char U+00DB (decimal 219)
   defining Unicode char U+00DC (decimal 220)
   defining Unicode char U+00DD (decimal 221)
   defining Unicode char U+00DE (decimal 222)
   defining Unicode char U+00DF (decimal 223)
   defining Unicode char U+00E0 (decimal 224)
   defining Unicode char U+00E1 (decimal 225)
   defining Unicode char U+00E2 (decimal 226)
   defining Unicode char U+00E3 (decimal 227)
   defining Unicode char U+00E4 (decimal 228)
   defining Unicode char U+00E5 (decimal 229)
   defining Unicode char U+00E6 (decimal 230)
   defining Unicode char U+00E7 (decimal 231)
   defining Unicode char U+00E8 (decimal 232)
   defining Unicode char U+00E9 (decimal 233)
   defining Unicode char U+00EA (decimal 234)
   defining Unicode char U+00EB (decimal 235)
   defining Unicode char U+00EC (decimal 236)
   defining Unicode char U+00ED (decimal 237)
   defining Unicode char U+00EE (decimal 238)
   defining Unicode char U+00EF (decimal 239)
   defining Unicode char U+00F0 (decimal 240)
   defining Unicode char U+00F1 (decimal 241)
   defining Unicode char U+00F2 (decimal 242)
   defining Unicode char U+00F3 (decimal 243)
   defining Unicode char U+00F4 (decimal 244)
   defining Unicode char U+00F5 (decimal 245)
   defining Unicode char U+00F6 (decimal 246)
   defining Unicode char U+00F8 (decimal 248)
   defining Unicode char U+00F9 (decimal 249)
   defining Unicode char U+00FA (decimal 250)
   defining Unicode char U+00FB (decimal 251)
   defining Unicode char U+00FC (decimal 252)
   defining Unicode char U+00FD (decimal 253)
   defining Unicode char U+00FE (decimal 254)
   defining Unicode char U+00FF (decimal 255)
   defining Unicode char U+0100 (decimal 256)
   defining Unicode char U+0101 (decimal 257)
   defining Unicode char U+0102 (decimal 258)
   defining Unicode char U+0103 (decimal 259)
   defining Unicode char U+0104 (decimal 260)
   defining Unicode char U+0105 (decimal 261)
   defining Unicode char U+0106 (decimal 262)
   defining Unicode char U+0107 (decimal 263)
   defining Unicode char U+0108 (decimal 264)
   defining Unicode char U+0109 (decimal 265)
   defining Unicode char U+010A (decimal 266)
   defining Unicode char U+010B (decimal 267)
   defining Unicode char U+010C (decimal 268)
   defining Unicode char U+010D (decimal 269)
   defining Unicode char U+010E (decimal 270)
   defining Unicode char U+010F (decimal 271)
   defining Unicode char U+0110 (decimal 272)
   defining Unicode char U+0111 (decimal 273)
   defining Unicode char U+0112 (decimal 274)
   defining Unicode char U+0113 (decimal 275)
   defining Unicode char U+0114 (decimal 276)
   defining Unicode char U+0115 (decimal 277)
   defining Unicode char U+0116 (decimal 278)
   defining Unicode char U+0117 (decimal 279)
   defining Unicode char U+0118 (decimal 280)
   defining Unicode char U+0119 (decimal 281)
   defining Unicode char U+011A (decimal 282)
   defining Unicode char U+011B (decimal 283)
   defining Unicode char U+011C (decimal 284)
   defining Unicode char U+011D (decimal 285)
   defining Unicode char U+011E (decimal 286)
   defining Unicode char U+011F (decimal 287)
   defining Unicode char U+0120 (decimal 288)
   defining Unicode char U+0121 (decimal 289)
   defining Unicode char U+0122 (decimal 290)
   defining Unicode char U+0123 (decimal 291)
   defining Unicode char U+0124 (decimal 292)
   defining Unicode char U+0125 (decimal 293)
   defining Unicode char U+0128 (decimal 296)
   defining Unicode char U+0129 (decimal 297)
   defining Unicode char U+012A (decimal 298)
   defining Unicode char U+012B (decimal 299)
   defining Unicode char U+012C (decimal 300)
   defining Unicode char U+012D (decimal 301)
   defining Unicode char U+012E (decimal 302)
   defining Unicode char U+012F (decimal 303)
   defining Unicode char U+0130 (decimal 304)
   defining Unicode char U+0131 (decimal 305)
   defining Unicode char U+0132 (decimal 306)
   defining Unicode char U+0133 (decimal 307)
   defining Unicode char U+0134 (decimal 308)
   defining Unicode char U+0135 (decimal 309)
   defining Unicode char U+0136 (decimal 310)
   defining Unicode char U+0137 (decimal 311)
   defining Unicode char U+0139 (decimal 313)
   defining Unicode char U+013A (decimal 314)
   defining Unicode char U+013B (decimal 315)
   defining Unicode char U+013C (decimal 316)
   defining Unicode char U+013D (decimal 317)
   defining Unicode char U+013E (decimal 318)
   defining Unicode char U+0141 (decimal 321)
   defining Unicode char U+0142 (decimal 322)
   defining Unicode char U+0143 (decimal 323)
   defining Unicode char U+0144 (decimal 324)
   defining Unicode char U+0145 (decimal 325)
   defining Unicode char U+0146 (decimal 326)
   defining Unicode char U+0147 (decimal 327)
   defining Unicode char U+0148 (decimal 328)
   defining Unicode char U+014A (decimal 330)
   defining Unicode char U+014B (decimal 331)
   defining Unicode char U+014C (decimal 332)
   defining Unicode char U+014D (decimal 333)
   defining Unicode char U+014E (decimal 334)
   defining Unicode char U+014F (decimal 335)
   defining Unicode char U+0150 (decimal 336)
   defining Unicode char U+0151 (decimal 337)
   defining Unicode char U+0152 (decimal 338)
   defining Unicode char U+0153 (decimal 339)
   defining Unicode char U+0154 (decimal 340)
   defining Unicode char U+0155 (decimal 341)
   defining Unicode char U+0156 (decimal 342)
   defining Unicode char U+0157 (decimal 343)
   defining Unicode char U+0158 (decimal 344)
   defining Unicode char U+0159 (decimal 345)
   defining Unicode char U+015A (decimal 346)
   defining Unicode char U+015B (decimal 347)
   defining Unicode char U+015C (decimal 348)
   defining Unicode char U+015D (decimal 349)
   defining Unicode char U+015E (decimal 350)
   defining Unicode char U+015F (decimal 351)
   defining Unicode char U+0160 (decimal 352)
   defining Unicode char U+0161 (decimal 353)
   defining Unicode char U+0162 (decimal 354)
   defining Unicode char U+0163 (decimal 355)
   defining Unicode char U+0164 (decimal 356)
   defining Unicode char U+0165 (decimal 357)
   defining Unicode char U+0168 (decimal 360)
   defining Unicode char U+0169 (decimal 361)
   defining Unicode char U+016A (decimal 362)
   defining Unicode char U+016B (decimal 363)
   defining Unicode char U+016C (decimal 364)
   defining Unicode char U+016D (decimal 365)
   defining Unicode char U+016E (decimal 366)
   defining Unicode char U+016F (decimal 367)
   defining Unicode char U+0170 (decimal 368)
   defining Unicode char U+0171 (decimal 369)
   defining Unicode char U+0172 (decimal 370)
   defining Unicode char U+0173 (decimal 371)
   defining Unicode char U+0174 (decimal 372)
   defining Unicode char U+0175 (decimal 373)
   defining Unicode char U+0176 (decimal 374)
   defining Unicode char U+0177 (decimal 375)
   defining Unicode char U+0178 (decimal 376)
   defining Unicode char U+0179 (decimal 377)
   defining Unicode char U+017A (decimal 378)
   defining Unicode char U+017B (decimal 379)
   defining Unicode char U+017C (decimal 380)
   defining Unicode char U+017D (decimal 381)
   defining Unicode char U+017E (decimal 382)
   defining Unicode char U+01CD (decimal 461)
   defining Unicode char U+01CE (decimal 462)
   defining Unicode char U+01CF (decimal 463)
   defining Unicode char U+01D0 (decimal 464)
   defining Unicode char U+01D1 (decimal 465)
   defining Unicode char U+01D2 (decimal 466)
   defining Unicode char U+01D3 (decimal 467)
   defining Unicode char U+01D4 (decimal 468)
   defining Unicode char U+01E2 (decimal 482)
   defining Unicode char U+01E3 (decimal 483)
   defining Unicode char U+01E6 (decimal 486)
   defining Unicode char U+01E7 (decimal 487)
   defining Unicode char U+01E8 (decimal 488)
   defining Unicode char U+01E9 (decimal 489)
   defining Unicode char U+01EA (decimal 490)
   defining Unicode char U+01EB (decimal 491)
   defining Unicode char U+01F0 (decimal 496)
   defining Unicode char U+01F4 (decimal 500)
   defining Unicode char U+01F5 (decimal 501)
   defining Unicode char U+0218 (decimal 536)
   defining Unicode char U+0219 (decimal 537)
   defining Unicode char U+021A (decimal 538)
   defining Unicode char U+021B (decimal 539)
   defining Unicode char U+0232 (decimal 562)
   defining Unicode char U+0233 (decimal 563)
   defining Unicode char U+1E02 (decimal 7682)
   defining Unicode char U+1E03 (decimal 7683)
   defining Unicode char U+200C (decimal 8204)
   defining Unicode char U+2010 (decimal 8208)
   defining Unicode char U+2011 (decimal 8209)
   defining Unicode char U+2012 (decimal 8210)
   defining Unicode char U+2013 (decimal 8211)
   defining Unicode char U+2014 (decimal 8212)
   defining Unicode char U+2015 (decimal 8213)
   defining Unicode char U+2018 (decimal 8216)
   defining Unicode char U+2019 (decimal 8217)
   defining Unicode char U+201A (decimal 8218)
   defining Unicode char U+201C (decimal 8220)
   defining Unicode char U+201D (decimal 8221)
   defining Unicode char U+201E (decimal 8222)
   defining Unicode char U+2030 (decimal 8240)
   defining Unicode char U+2031 (decimal 8241)
   defining Unicode char U+2039 (decimal 8249)
   defining Unicode char U+203A (decimal 8250)
   defining Unicode char U+2423 (decimal 9251)
   defining Unicode char U+1E20 (decimal 7712)
   defining Unicode char U+1E21 (decimal 7713)
)
Now handling font encoding OT1 ...
... processing UTF-8 mapping file for font encoding OT1

("C:\Users\Heiner\AppData\Local\Programs\MiKTeX 2.9\tex\latex\base\ot1enc.dfu"
File: ot1enc.dfu 2017/01/28 v1.1t UTF-8 support for inputenc
   defining Unicode char U+00A0 (decimal 160)
   defining Unicode char U+00A1 (decimal 161)
   defining Unicode char U+00A3 (decimal 163)
   defining Unicode char U+00AD (decimal 173)
   defining Unicode char U+00B8 (decimal 184)
   defining Unicode char U+00BF (decimal 191)
   defining Unicode char U+00C5 (decimal 197)
   defining Unicode char U+00C6 (decimal 198)
   defining Unicode char U+00D8 (decimal 216)
   defining Unicode char U+00DF (decimal 223)
   defining Unicode char U+00E6 (decimal 230)
   defining Unicode char U+00EC (decimal 236)
   defining Unicode char U+00ED (decimal 237)
   defining Unicode char U+00EE (decimal 238)
   defining Unicode char U+00EF (decimal 239)
   defining Unicode char U+00F8 (decimal 248)
   defining Unicode char U+0131 (decimal 305)
   defining Unicode char U+0141 (decimal 321)
   defining Unicode char U+0142 (decimal 322)
   defining Unicode char U+0152 (decimal 338)
   defining Unicode char U+0153 (decimal 339)
   defining Unicode char U+0174 (decimal 372)
   defining Unicode char U+0175 (decimal 373)
   defining Unicode char U+0176 (decimal 374)
   defining Unicode char U+0177 (decimal 375)
   defining Unicode char U+0218 (decimal 536)
   defining Unicode char U+0219 (decimal 537)
   defining Unicode char U+021A (decimal 538)
   defining Unicode char U+021B (decimal 539)
   defining Unicode char U+2013 (decimal 8211)
   defining Unicode char U+2014 (decimal 8212)
   defining Unicode char U+2018 (decimal 8216)
   defining Unicode char U+2019 (decimal 8217)
   defining Unicode char U+201C (decimal 8220)
   defining Unicode char U+201D (decimal 8221)
)
Now handling font encoding OMS ...
... processing UTF-8 mapping file for font encoding OMS
("C:\Users\Heiner\AppData\Local\Programs\MiKTeX 2.9\tex\latex\base\omsenc.dfu"
File: omsenc.dfu 2017/01/28 v1.1t UTF-8 support for inputenc
   defining Unicode char U+00A7 (decimal 167)
   defining Unicode char U+00B6 (decimal 182)
   defining Unicode char U+00B7 (decimal 183)
   defining Unicode char U+2020 (decimal 8224)
   defining Unicode char U+2021 (decimal 8225)
   defining Unicode char U+2022 (decimal 8226)
)
Now handling font encoding OMX ...
... no UTF-8 mapping file for font encoding OMX
Now handling font encoding U ...
... no UTF-8 mapping file for font encoding U
   defining Unicode char U+00A9 (decimal 169)
   defining Unicode char U+00AA (decimal 170)
   defining Unicode char U+00AE (decimal 174)
   defining Unicode char U+00BA (decimal 186)
   defining Unicode char U+02C6 (decimal 710)
   defining Unicode char U+02DC (decimal 732)
   defining Unicode char U+200C (decimal 8204)
   defining Unicode char U+2026 (decimal 8230)
   defining Unicode char U+2122 (decimal 8482)
   defining Unicode char U+2423 (decimal 9251)
))
("C:\Users\Heiner\AppData\Local\Programs\MiKTeX 2.9\tex\generic\babel\babel.sty
"
Package: babel 2018/02/14 3.18 The Babel package

("C:\Users\Heiner\AppData\Local\Programs\MiKTeX 2.9\tex\generic\babel\switch.de
f"
File: switch.def 2018/02/14 3.18 Babel switching mechanism
)
*************************************
* Local config file bblopts.cfg used
*
("C:\Users\Heiner\AppData\Local\Programs\MiKTeX 2.9\tex\latex\arabi\bblopts.cfg
"
File: bblopts.cfg 2005/09/08 v0.1 add Arabic and Farsi to "declared" options of
 babel
)
("C:\Users\Heiner\AppData\Local\Programs\MiKTeX 2.9\tex\latex\babel-german\nger
man.ldf"
Language: ngerman 2016/11/02 v2.9 German support for babel (new orthography)

("C:\Users\Heiner\AppData\Local\Programs\MiKTeX 2.9\tex\latex\babel-german\nger
manb.ldf"
Language: ngermanb 2016/11/02 v2.9 German support for babel (new orthography)

("C:\Users\Heiner\AppData\Local\Programs\MiKTeX 2.9\tex\generic\babel\babel.def
"
File: babel.def 2018/02/14 3.18 Babel common definitions
\babel@savecnt=\count88
\U@D=\dimen103

("C:\Users\Heiner\AppData\Local\Programs\MiKTeX 2.9\tex\generic\babel\txtbabel.
def")
\bbl@dirlevel=\count89
)
Package babel Info: Making " an active character on input line 125.
)))
("C:\Users\Heiner\AppData\Local\Programs\MiKTeX 2.9\tex\latex\base\fontenc.sty"
Package: fontenc 2017/04/05 v2.0i Standard LaTeX package
("C:\Users\Heiner\AppData\Local\Programs\MiKTeX 2.9\tex\latex\base\t1enc.def"
File: t1enc.def 2017/04/05 v2.0i Standard LaTeX file
LaTeX Font Info:    Redeclaring font encoding T1 on input line 48.
))
("C:\Users\Heiner\AppData\Local\Programs\MiKTeX 2.9\tex\latex\graphics\graphicx
.sty"
Package: graphicx 2017/06/01 v1.1a Enhanced LaTeX Graphics (DPC,SPQR)

("C:\Users\Heiner\AppData\Local\Programs\MiKTeX 2.9\tex\latex\graphics\keyval.s
ty"
Package: keyval 2014/10/28 v1.15 key=value parser (DPC)
\KV@toks@=\toks16
)
("C:\Users\Heiner\AppData\Local\Programs\MiKTeX 2.9\tex\latex\graphics\graphics
.sty"
Package: graphics 2017/06/25 v1.2c Standard LaTeX Graphics (DPC,SPQR)

("C:\Users\Heiner\AppData\Local\Programs\MiKTeX 2.9\tex\latex\graphics\trig.sty
"
Package: trig 2016/01/03 v1.10 sin cos tan (DPC)
)
("C:\Users\Heiner\AppData\Local\Programs\MiKTeX 2.9\tex\latex\graphics-cfg\grap
hics.cfg"
File: graphics.cfg 2016/06/04 v1.11 sample graphics configuration
)
Package graphics Info: Driver file: pdftex.def on input line 99.

("C:\Users\Heiner\AppData\Local\Programs\MiKTeX 2.9\tex\latex\graphics-def\pdft
ex.def"
File: pdftex.def 2018/01/08 v1.0l Graphics/color driver for pdftex
))
\Gin@req@height=\dimen104
\Gin@req@width=\dimen105
)
("C:\Users\Heiner\AppData\Local\Programs\MiKTeX 2.9\tex\latex\amsmath\amsmath.s
ty"
Package: amsmath 2017/09/02 v2.17a AMS math features
\@mathmargin=\skip43

For additional information on amsmath, use the `?' option.

("C:\Users\Heiner\AppData\Local\Programs\MiKTeX 2.9\tex\latex\amsmath\amstext.s
ty"
Package: amstext 2000/06/29 v2.01 AMS text

("C:\Users\Heiner\AppData\Local\Programs\MiKTeX 2.9\tex\latex\amsmath\amsgen.st
y"
File: amsgen.sty 1999/11/30 v2.0 generic functions
\@emptytoks=\toks17
\ex@=\dimen106
))
("C:\Users\Heiner\AppData\Local\Programs\MiKTeX 2.9\tex\latex\amsmath\amsbsy.st
y"
Package: amsbsy 1999/11/29 v1.2d Bold Symbols
\pmbraise@=\dimen107
)
("C:\Users\Heiner\AppData\Local\Programs\MiKTeX 2.9\tex\latex\amsmath\amsopn.st
y"
Package: amsopn 2016/03/08 v2.02 operator names
)
\inf@bad=\count90
LaTeX Info: Redefining \frac on input line 213.
\uproot@=\count91
\leftroot@=\count92
LaTeX Info: Redefining \overline on input line 375.
\classnum@=\count93
\DOTSCASE@=\count94
LaTeX Info: Redefining \ldots on input line 472.
LaTeX Info: Redefining \dots on input line 475.
LaTeX Info: Redefining \cdots on input line 596.
\Mathstrutbox@=\box26
\strutbox@=\box27
\big@size=\dimen108
LaTeX Font Info:    Redeclaring font encoding OML on input line 712.
LaTeX Font Info:    Redeclaring font encoding OMS on input line 713.
\macc@depth=\count95
\c@MaxMatrixCols=\count96
\dotsspace@=\muskip10
\c@parentequation=\count97
\dspbrk@lvl=\count98
\tag@help=\toks18
\row@=\count99
\column@=\count100
\maxfields@=\count101
\andhelp@=\toks19
\eqnshift@=\dimen109
\alignsep@=\dimen110
\tagshift@=\dimen111
\tagwidth@=\dimen112
\totwidth@=\dimen113
\lineht@=\dimen114
\@envbody=\toks20
\multlinegap=\skip44
\multlinetaggap=\skip45
\mathdisplay@stack=\toks21
LaTeX Info: Redefining \[ on input line 2817.
LaTeX Info: Redefining \] on input line 2818.
)
("C:\Users\Heiner\AppData\Local\Programs\MiKTeX 2.9\tex\latex\amsfonts\amssymb.
sty"
Package: amssymb 2013/01/14 v3.01 AMS font symbols

("C:\Users\Heiner\AppData\Local\Programs\MiKTeX 2.9\tex\latex\amsfonts\amsfonts
.sty"
Package: amsfonts 2013/01/14 v3.01 Basic AMSFonts support
\symAMSa=\mathgroup4
\symAMSb=\mathgroup5
LaTeX Font Info:    Overwriting math alphabet `\mathfrak' in version `bold'
(Font)                  U/euf/m/n --> U/euf/b/n on input line 106.
))
("C:\Users\Heiner\AppData\Local\Programs\MiKTeX 2.9\tex\latex\float\float.sty"
Package: float 2001/11/08 v1.3d Float enhancements (AL)
\c@float@type=\count102
\float@exts=\toks22
\float@box=\box28
\@float@everytoks=\toks23
\@floatcapt=\box29
)
("C:\Users\Heiner\AppData\Local\Programs\MiKTeX 2.9\tex\latex\caption\caption.s
ty"
Package: caption 2018/05/01 v3.3-147 Customizing captions (AR)

("C:\Users\Heiner\AppData\Local\Programs\MiKTeX 2.9\tex\latex\caption\caption3.
sty"
Package: caption3 2018/05/27 v1.8a caption3 kernel (AR)
Package caption3 Info: TeX engine: e-TeX on input line 64.
\captionmargin=\dimen115
\captionmargin@=\dimen116
\captionwidth=\dimen117
\caption@tempdima=\dimen118
\caption@indent=\dimen119
\caption@parindent=\dimen120
\caption@hangindent=\dimen121
)
\c@ContinuedFloat=\count103
Package caption Info: float package is loaded.
) ("Grob Latex.aux")
\openout1 = `"Grob Latex.aux"'.

LaTeX Font Info:    Checking defaults for OML/cmm/m/it on input line 16.
LaTeX Font Info:    ... okay on input line 16.
LaTeX Font Info:    Checking defaults for T1/cmr/m/n on input line 16.
LaTeX Font Info:    ... okay on input line 16.
LaTeX Font Info:    Checking defaults for OT1/cmr/m/n on input line 16.
LaTeX Font Info:    ... okay on input line 16.
LaTeX Font Info:    Checking defaults for OMS/cmsy/m/n on input line 16.
LaTeX Font Info:    ... okay on input line 16.
LaTeX Font Info:    Checking defaults for OMX/cmex/m/n on input line 16.
LaTeX Font Info:    ... okay on input line 16.
LaTeX Font Info:    Checking defaults for U/cmr/m/n on input line 16.
LaTeX Font Info:    ... okay on input line 16.

("C:\Users\Heiner\AppData\Local\Programs\MiKTeX 2.9\tex\context\base\supp-pdf.m
kii"
[Loading MPS to PDF converter (version 2006.09.02).]
\scratchcounter=\count104
\scratchdimen=\dimen122
\scratchbox=\box30
\nofMPsegments=\count105
\nofMParguments=\count106
\everyMPshowfont=\toks24
\MPscratchCnt=\count107
\MPscratchDim=\dimen123
\MPnumerator=\count108
\makeMPintoPDFobject=\count109
\everyMPtoPDFconversion=\toks25
)
("C:\Users\Heiner\AppData\Local\Programs\MiKTeX 2.9\tex\latex\oberdiek\epstopdf
-base.sty"
Package: epstopdf-base 2016/05/15 v2.6 Base part for package epstopdf

("C:\Users\Heiner\AppData\Local\Programs\MiKTeX 2.9\tex\generic\oberdiek\infwar
err.sty"
Package: infwarerr 2016/05/16 v1.4 Providing info/warning/error messages (HO)
)
("C:\Users\Heiner\AppData\Local\Programs\MiKTeX 2.9\tex\latex\oberdiek\grfext.s
ty"
Package: grfext 2016/05/16 v1.2 Manage graphics extensions (HO)

("C:\Users\Heiner\AppData\Local\Programs\MiKTeX 2.9\tex\generic\oberdiek\kvdefi
nekeys.sty"
Package: kvdefinekeys 2016/05/16 v1.4 Define keys (HO)

("C:\Users\Heiner\AppData\Local\Programs\MiKTeX 2.9\tex\generic\oberdiek\ltxcmd
s.sty"
Package: ltxcmds 2016/05/16 v1.23 LaTeX kernel commands for general use (HO)
)))
("C:\Users\Heiner\AppData\Local\Programs\MiKTeX 2.9\tex\latex\oberdiek\kvoption
s.sty"
Package: kvoptions 2016/05/16 v3.12 Key value format for package options (HO)

("C:\Users\Heiner\AppData\Local\Programs\MiKTeX 2.9\tex\generic\oberdiek\kvsetk
eys.sty"
Package: kvsetkeys 2016/05/16 v1.17 Key value parser (HO)

("C:\Users\Heiner\AppData\Local\Programs\MiKTeX 2.9\tex\generic\oberdiek\etexcm
ds.sty"
Package: etexcmds 2016/05/16 v1.6 Avoid name clashes with e-TeX commands (HO)

("C:\Users\Heiner\AppData\Local\Programs\MiKTeX 2.9\tex\generic\oberdiek\ifluat
ex.sty"
Package: ifluatex 2016/05/16 v1.4 Provides the ifluatex switch (HO)
Package ifluatex Info: LuaTeX not detected.
)
Package etexcmds Info: Could not find \expanded.
(etexcmds)             That can mean that you are not using pdfTeX 1.50 or
(etexcmds)             that some package has redefined \expanded.
(etexcmds)             In the latter case, load this package earlier.
)))
("C:\Users\Heiner\AppData\Local\Programs\MiKTeX 2.9\tex\generic\oberdiek\pdftex
cmds.sty"
Package: pdftexcmds 2018/01/21 v0.26 Utility functions of pdfTeX for LuaTeX (HO
)

("C:\Users\Heiner\AppData\Local\Programs\MiKTeX 2.9\tex\generic\oberdiek\ifpdf.
sty"
Package: ifpdf 2017/03/15 v3.2 Provides the ifpdf switch
)
Package pdftexcmds Info: LuaTeX not detected.
Package pdftexcmds Info: \pdf@primitive is available.
Package pdftexcmds Info: \pdf@ifprimitive is available.
Package pdftexcmds Info: \pdfdraftmode found.
)
Package epstopdf-base Info: Redefining graphics rule for `.eps' on input line 4
38.
Package grfext Info: Graphics extension search list:
(grfext)             [.pdf,.png,.jpg,.mps,.jpeg,.jbig2,.jb2,.PDF,.PNG,.JPG,.JPE
G,.JBIG2,.JB2,.eps]
(grfext)             \AppendGraphicsExtensions on input line 456.
)
Package caption Info: Begin \AtBeginDocument code.
Package caption Info: End \AtBeginDocument code.
LaTeX Font Info:    Try loading font information for U+msa on input line 19.

("C:\Users\Heiner\AppData\Local\Programs\MiKTeX 2.9\tex\latex\amsfonts\umsa.fd"
File: umsa.fd 2013/01/14 v3.01 AMS symbols A
)
LaTeX Font Info:    Try loading font information for U+msb on input line 19.
 ("C:\Users\Heiner\AppData\Local\Programs\MiKTeX 2.9\tex\latex\amsfonts\umsb.fd
"
File: umsb.fd 2013/01/14 v3.01 AMS symbols B
) [1

{C:/Users/Heiner/AppData/Local/MiKTeX/2.9/pdftex/config/pdftex.map}]
("Grob Latex.toc")
\tf@toc=\write3
\openout3 = `"Grob Latex.toc"'.

 [1

]
Kapitel 1.
[2

]
Kapitel 2.

Underfull \hbox (badness 10000) in paragraph at lines 45--46

 []

[3

]
Underfull \hbox (badness 10000) in paragraph at lines 47--48

 []


Underfull \hbox (badness 10000) in paragraph at lines 49--50

 []


Underfull \hbox (badness 10000) in paragraph at lines 51--53

 []


Overfull \hbox (6.56511pt too wide) in paragraph at lines 55--57
\T1/cmr/m/n/10.95 Zunächst er-folg-te ei-ne tie-fe Diethylether-Narkose, wel-ch
e durch einen Schmerz-
 []

[4]
Overfull \hbox (0.8955pt too wide) in paragraph at lines 62--63
\T1/cmr/m/n/10.95 Um mög-lichst stör-freie und ad-äqua-te elek-tro-phy-sio-lo-g
i-sche Mes-sun-gen durch-
 []


Underfull \hbox (badness 10000) in paragraph at lines 62--63

 []


Underfull \hbox (badness 10000) in paragraph at lines 64--65

 []


Underfull \hbox (badness 10000) in paragraph at lines 66--67

 []

[5]
Underfull \hbox (badness 10000) in paragraph at lines 68--69

 []


Underfull \hbox (badness 10000) in paragraph at lines 70--71

 []


Underfull \hbox (badness 10000) in paragraph at lines 72--73

 []

[6]
Kapitel 3.

Underfull \hbox (badness 10000) in paragraph at lines 86--87

 []

<Abbildungen/feld_samples/field_k_c.jpg, id=38, 628.2672pt x 218.7372pt>
File: Abbildungen/feld_samples/field_k_c.jpg Graphic file (type jpg)
<use Abbildungen/feld_samples/field_k_c.jpg>
Package pdftex.def Info: Abbildungen/feld_samples/field_k_c.jpg  used on input 
line 101.
(pdftex.def)             Requested size: 170.71652pt x 59.43364pt.
<Abbildungen/feld_samples/field_k_br.jpg, id=39, 628.749pt x 214.8828pt>
File: Abbildungen/feld_samples/field_k_br.jpg Graphic file (type jpg)
<use Abbildungen/feld_samples/field_k_br.jpg>
Package pdftex.def Info: Abbildungen/feld_samples/field_k_br.jpg  used on input
 line 102.
(pdftex.def)             Requested size: 170.71652pt x 58.34372pt.
<Abbildungen/feld_samples/ltp_k_chfs_mean.jpg, id=40, 586.8324pt x 315.579pt>
File: Abbildungen/feld_samples/ltp_k_chfs_mean.jpg Graphic file (type jpg)
<use Abbildungen/feld_samples/ltp_k_chfs_mean.jpg>
Package pdftex.def Info: Abbildungen/feld_samples/ltp_k_chfs_mean.jpg  used on 
input line 103.
(pdftex.def)             Requested size: 369.88582pt x 198.91693pt.

Overfull \hbox (9.88582pt too wide) in paragraph at lines 101--104
 [] 
 []


Underfull \hbox (badness 1910) in paragraph at lines 104--104
[][]|\T1/cmr/m/n/10.95 Bei-spiel-haf-te Ori-gi-nal-auf-zeich-nun-gen von Mes-su
n-gen an
 []

<Abbildungen/feld_samples/field_p_c.jpg, id=41, 626.34pt x 220.6644pt>
File: Abbildungen/feld_samples/field_p_c.jpg Graphic file (type jpg)
<use Abbildungen/feld_samples/field_p_c.jpg>
Package pdftex.def Info: Abbildungen/feld_samples/field_p_c.jpg  used on input 
line 110.
(pdftex.def)             Requested size: 170.71652pt x 60.14247pt.
<Abbildungen/feld_samples/field_p_br.jpg, id=42, 630.1944pt x 220.6644pt>
File: Abbildungen/feld_samples/field_p_br.jpg Graphic file (type jpg)
<use Abbildungen/feld_samples/field_p_br.jpg>
Package pdftex.def Info: Abbildungen/feld_samples/field_p_br.jpg  used on input
 line 111.
(pdftex.def)             Requested size: 170.71652pt x 59.77547pt.
<Abbildungen/feld_samples/ltp_diagramm.jpg, id=43, 626.8218pt x 422.0568pt>
File: Abbildungen/feld_samples/ltp_diagramm.jpg Graphic file (type jpg)
<use Abbildungen/feld_samples/ltp_diagramm.jpg>
Package pdftex.def Info: Abbildungen/feld_samples/ltp_diagramm.jpg  used on inp
ut line 118.
(pdftex.def)             Requested size: 369.88582pt x 249.05643pt.

Overfull \hbox (9.88582pt too wide) in paragraph at lines 118--119
 [] 
 []

[7

] [8 <./Abbildungen/feld_samples/field_k_c.jpg> <./Abbildungen/feld_samples/fie
ld_k_br.jpg> <./Abbildungen/feld_samples/ltp_k_chfs_mean.jpg> <./Abbildungen/fe
ld_samples/field_p_c.jpg> <./Abbildungen/feld_samples/field_p_br.jpg>]
Underfull \hbox (badness 10000) in paragraph at lines 125--126

 []

[9 <./Abbildungen/feld_samples/ltp_diagramm.jpg>]
<Abbildungen/Membraneigenschaften/tabelle_membraneigenschaften.jpg, id=53, 805.
0878pt x 489.9906pt>
File: Abbildungen/Membraneigenschaften/tabelle_membraneigenschaften.jpg Graphic
 file (type jpg)
<use Abbildungen/Membraneigenschaften/tabelle_membraneigenschaften.jpg>
Package pdftex.def Info: Abbildungen/Membraneigenschaften/tabelle_membraneigens
chaften.jpg  used on input line 139.
(pdftex.def)             Requested size: 369.88582pt x 225.12177pt.

Overfull \hbox (9.88582pt too wide) in paragraph at lines 139--140
 [] 
 []


Underfull \hbox (badness 10000) in paragraph at lines 145--146

 []


Underfull \hbox (badness 10000) in paragraph at lines 153--154

 []

<Abbildungen/membraneigenschaften/membraneigenschaften_k_c.jpg, id=54, 751.1262
pt x 309.7974pt>
File: Abbildungen/membraneigenschaften/membraneigenschaften_k_c.jpg Graphic fil
e (type jpg)
<use Abbildungen/membraneigenschaften/membraneigenschaften_k_c.jpg>
Package pdftex.def Info: Abbildungen/membraneigenschaften/membraneigenschaften_
k_c.jpg  used on input line 160.
(pdftex.def)             Requested size: 170.71652pt x 70.41046pt.
<Abbildungen/membraneigenschaften/membraneigenschaften_k_br.jpg, id=55, 717.882
pt x 318.9516pt>
File: Abbildungen/membraneigenschaften/membraneigenschaften_k_br.jpg Graphic fi
le (type jpg)
<use Abbildungen/membraneigenschaften/membraneigenschaften_k_br.jpg>
Package pdftex.def Info: Abbildungen/membraneigenschaften/membraneigenschaften_
k_br.jpg  used on input line 161.
(pdftex.def)             Requested size: 170.71652pt x 75.84425pt.
<Abbildungen/membraneigenschaften/membraneigenschaften_p_c.jpg, id=56, 500.1084
pt x 274.626pt>
File: Abbildungen/membraneigenschaften/membraneigenschaften_p_c.jpg Graphic fil
e (type jpg)
<use Abbildungen/membraneigenschaften/membraneigenschaften_p_c.jpg>
Package pdftex.def Info: Abbildungen/membraneigenschaften/membraneigenschaften_
p_c.jpg  used on input line 162.
(pdftex.def)             Requested size: 170.71652pt x 93.74455pt.
<Abbildungen/membraneigenschaften/membraneigenschaften_p_br.jpg, id=57, 512.635
2pt x 249.5724pt>
File: Abbildungen/membraneigenschaften/membraneigenschaften_p_br.jpg Graphic fi
le (type jpg)
<use Abbildungen/membraneigenschaften/membraneigenschaften_p_br.jpg>
Package pdftex.def Info: Abbildungen/membraneigenschaften/membraneigenschaften_
p_br.jpg  used on input line 163.
(pdftex.def)             Requested size: 170.71652pt x 83.11316pt.
[10 <./Abbildungen/Membraneigenschaften/tabelle_membraneigenschaften.jpg>]
Underfull \hbox (badness 10000) in paragraph at lines 178--179

 []


Underfull \hbox (badness 10000) in paragraph at lines 181--182

 []

<Abbildungen/inout_kontrolle_sample.jpg, id=61, 668.7384pt x 360.8682pt>
File: Abbildungen/inout_kontrolle_sample.jpg Graphic file (type jpg)
<use Abbildungen/inout_kontrolle_sample.jpg>
Package pdftex.def Info: Abbildungen/inout_kontrolle_sample.jpg  used on input 
line 185.
(pdftex.def)             Requested size: 170.71652pt x 92.12204pt.
<Abbildungen/inout_pilo_sample.jpg, id=62, 664.884pt x 396.0396pt>
File: Abbildungen/inout_pilo_sample.jpg Graphic file (type jpg)
<use Abbildungen/inout_pilo_sample.jpg>
Package pdftex.def Info: Abbildungen/inout_pilo_sample.jpg  used on input line 
186.
(pdftex.def)             Requested size: 170.71652pt x 101.68672pt.

Underfull \hbox (badness 2229) in paragraph at lines 187--187
[][]|\T1/cmr/m/n/10.95 Dar-ge-stellt sind Bei-spiel-kur-ven ei-nes IPSP des Inp
ut-
 []

[11 <./Abbildungen/membraneigenschaften/membraneigenschaften_k_c.jpg> <./Abbild
ungen/membraneigenschaften/membraneigenschaften_k_br.jpg> <./Abbildungen/membra
neigenschaften/membraneigenschaften_p_c.jpg> <./Abbildungen/membraneigenschafte
n/membraneigenschaften_p_br.jpg>]
Underfull \hbox (badness 10000) in paragraph at lines 194--196

 []

<Abbildungen/Inout_Diagramm.jpg, id=66, 437.4744pt x 305.4612pt>
File: Abbildungen/Inout_Diagramm.jpg Graphic file (type jpg)
<use Abbildungen/Inout_Diagramm.jpg>
Package pdftex.def Info: Abbildungen/Inout_Diagramm.jpg  used on input line 201
.
(pdftex.def)             Requested size: 369.88582pt x 258.26825pt.

Overfull \hbox (9.88582pt too wide) in paragraph at lines 201--202
 [] 
 []

[12 <./Abbildungen/inout_kontrolle_sample.jpg> <./Abbildungen/inout_pilo_sample
.jpg>]
Underfull \hbox (badness 10000) in paragraph at lines 214--215

 []

<Abbildungen/egaba/egaba_k_c_sample.jpg, id=71, 557.4426pt x 251.0178pt>
File: Abbildungen/egaba/egaba_k_c_sample.jpg Graphic file (type jpg)
<use Abbildungen/egaba/egaba_k_c_sample.jpg>
Package pdftex.def Info: Abbildungen/egaba/egaba_k_c_sample.jpg  used on input 
line 218.
(pdftex.def)             Requested size: 170.71652pt x 76.87247pt.
<Abbildungen/egaba/egaba_k_br_sample.jpg, id=72, 557.9244pt x 252.4632pt>
File: Abbildungen/egaba/egaba_k_br_sample.jpg Graphic file (type jpg)
<use Abbildungen/egaba/egaba_k_br_sample.jpg>
Package pdftex.def Info: Abbildungen/egaba/egaba_k_br_sample.jpg  used on input
 line 219.
(pdftex.def)             Requested size: 170.71652pt x 77.24962pt.
<Abbildungen/egaba/egaba_p_c_sample.jpg, id=73, 555.9972pt x 215.8464pt>
File: Abbildungen/egaba/egaba_p_c_sample.jpg Graphic file (type jpg)
<use Abbildungen/egaba/egaba_p_c_sample.jpg>
Package pdftex.def Info: Abbildungen/egaba/egaba_p_c_sample.jpg  used on input 
line 220.
(pdftex.def)             Requested size: 170.71652pt x 66.27603pt.
<Abbildungen/egaba/egaba_p_br_sample.jpg, id=74, 528.0528pt x 228.855pt>
File: Abbildungen/egaba/egaba_p_br_sample.jpg Graphic file (type jpg)
<use Abbildungen/egaba/egaba_p_br_sample.jpg>
Package pdftex.def Info: Abbildungen/egaba/egaba_p_br_sample.jpg  used on input
 line 221.
(pdftex.def)             Requested size: 170.71652pt x 73.98587pt.
[13 <./Abbildungen/Inout_Diagramm.jpg>]
<Abbildungen/egaba/egaba_kurven_kontrollen.jpg, id=78, 601.2864pt x 321.3606pt>

File: Abbildungen/egaba/egaba_kurven_kontrollen.jpg Graphic file (type jpg)
<use Abbildungen/egaba/egaba_kurven_kontrollen.jpg>
Package pdftex.def Info: Abbildungen/egaba/egaba_kurven_kontrollen.jpg  used on
 input line 230.
(pdftex.def)             Requested size: 369.88582pt x 197.68707pt.
<Abbildungen/egaba/egaba_kurven_pilo.jpg, id=79, 600.8046pt x 319.9152pt>
File: Abbildungen/egaba/egaba_kurven_pilo.jpg Graphic file (type jpg)
<use Abbildungen/egaba/egaba_kurven_pilo.jpg>
Package pdftex.def Info: Abbildungen/egaba/egaba_kurven_pilo.jpg  used on input
 line 231.
(pdftex.def)             Requested size: 369.88582pt x 196.95901pt.

Overfull \hbox (9.88582pt too wide) in paragraph at lines 230--232
 [] 
 []


Overfull \hbox (9.88582pt too wide) in paragraph at lines 230--232
 [] 
 []

("Grob Latex.bbl" [14 <./Abbildungen/egaba/egaba_k_c_sample.jpg> <./Abbildungen
/egaba/egaba_k_br_sample.jpg> <./Abbildungen/egaba/egaba_p_c_sample.jpg> <./Abb
ildungen/egaba/egaba_p_br_sample.jpg>] [15 <./Abbildungen/egaba/egaba_kurven_ko
ntrollen.jpg> <./Abbildungen/egaba/egaba_kurven_pilo.jpg>]) [16

]
("Grob Latex.aux") )
(\end occurred inside a group at level 1)

### simple group (level 1) entered at line 27 ({)
### bottom level 
Here is how much of TeX's memory you used:
 4704 strings out of 493305
 70164 string characters out of 3129367
 132389 words of memory out of 3000000
 8136 multiletter control sequences out of 15000+200000
 19021 words of font info for 50 fonts, out of 3000000 for 9000
 1141 hyphenation exceptions out of 8191
 41i,6n,39p,1411b,385s stack positions out of 5000i,500n,10000p,200000b,50000s
 <C:\Users\Heiner\AppData\Local\MiKTeX\2.9\fonts\pk\ljfour\jkna
ppen\ec\dpi600\ecbx1200.pk> <C:\Users\Heiner\AppData\Local\MiKTeX\2.9\fonts\pk\
ljfour\jknappen\ec\dpi600\ecti1095.pk> <C:\Users\Heiner\AppData\Local\MiKTeX\2.
9\fonts\pk\ljfour\jknappen\ec\dpi600\ecbx1440.pk> <C:\Users\Heiner\AppData\Loca
l\MiKTeX\2.9\fonts\pk\ljfour\jknappen\ec\dpi600\ecbx2074.pk> <C:\Users\Heiner\A
ppData\Local\MiKTeX\2.9\fonts\pk\ljfour\jknappen\ec\dpi600\ecrm1095.pk> <C:\Use
rs\Heiner\AppData\Local\MiKTeX\2.9\fonts\pk\ljfour\jknappen\ec\dpi600\ecbx1095.
pk> <C:\Users\Heiner\AppData\Local\MiKTeX\2.9\fonts\pk\ljfour\jknappen\ec\dpi60
0\ecbx2488.pk> <C:\Users\Heiner\AppData\Local\MiKTeX\2.9\fonts\pk\ljfour\jknapp
en\ec\dpi600\ecrm1200.pk> <C:\Users\Heiner\AppData\Local\MiKTeX\2.9\fonts\pk\lj
four\jknappen\ec\dpi600\ecrm1728.pk><C:/Users/Heiner/AppData/Local/Programs/MiK
TeX 2.9/fonts/type1/public/amsfonts/cm/cmmi10.pfb><C:/Users/Heiner/AppData/Loca
l/Programs/MiKTeX 2.9/fonts/type1/public/amsfonts/cm/cmr10.pfb><C:/Users/Heiner
/AppData/Local/Programs/MiKTeX 2.9/fonts/type1/public/amsfonts/cm/cmr8.pfb><C:/
Users/Heiner/AppData/Local/Programs/MiKTeX 2.9/fonts/type1/public/amsfonts/cm/c
msy10.pfb><C:/Users/Heiner/AppData/Local/Programs/MiKTeX 2.9/fonts/type1/public
/amsfonts/cm/cmsy8.pfb>
Output written on "Grob Latex.pdf" (17 pages, 1283031 bytes).
PDF statistics:
 424 PDF objects out of 1000 (max. 8388607)
 0 named destinations out of 1000 (max. 500000)
 101 words of extra memory for PDF output out of 10000 (max. 10000000)

